<?xml version="1.0" encoding="UTF-8"?>
<!-- Generated by org.testng.reporters.JUnitXMLReporter -->
<testsuite ignored="0" hostname="LTIN513868" failures="0" tests="12" name="Default test" time="53.75" errors="0" timestamp="2024-03-09T15:39:12 IST">
  <testcase classname="policyBazaar.test.TravelInsuranceTest" name="testTravelInsuranceButtonClick" time="0.389"/>
  <testcase classname="policyBazaar.test.TravelInsuranceTest" name="testSwitchToChildWindow" time="0.02"/>
  <testcase classname="policyBazaar.test.TravelInsuranceTest" name="SelectDestination" time="3.756"/>
  <testcase classname="policyBazaar.test.TravelInsuranceTest" name="testSelectDate" time="1.678"/>
  <testcase classname="policyBazaar.test.TravelInsuranceTest" name="testSelectNumberOfTravellers" time="2.361"/>
  <testcase classname="policyBazaar.test.TravelInsuranceTest" name="ViewPlan" time="1.118"/>
  <testcase classname="policyBazaar.test.TravelInsuranceTest" name="SelectingStudentTrip" time="8.329"/>
  <testcase classname="policyBazaar.test.TravelInsuranceTest" name="InsuranceData" time="5.236"/>
  <testcase classname="policyBazaar.test.TravelInsuranceTest" name="SwitchChild" time="0.012"/>
  <testcase classname="policyBazaar.test.TravelInsuranceTest" name="CarInsurance" time="6.756"/>
  <testcase classname="policyBazaar.test.TravelInsuranceTest" name="fillingForm" time="3.236"/>
  <testcase classname="policyBazaar.test.TravelInsuranceTest" name="HealthInsurance" time="1.075"/>
</testsuite> <!-- Default test -->
