<?xml version="1.0" encoding="UTF-8"?>
<!-- Generated by org.testng.reporters.JUnitXMLReporter -->
<testsuite ignored="0" hostname="LTIN513868" failures="0" tests="12" name="Default test" time="53.466" errors="0" timestamp="2024-03-12T15:19:17 IST">
  <testcase classname="policyBazaar.test.TravelInsuranceTest" name="testTravelInsuranceButtonClick" time="0.3"/>
  <testcase classname="policyBazaar.test.TravelInsuranceTest" name="testSwitchToChildWindow" time="0.009"/>
  <testcase classname="policyBazaar.test.TravelInsuranceTest" name="SelectDestination" time="4.023"/>
  <testcase classname="policyBazaar.test.TravelInsuranceTest" name="testSelectDate" time="1.361"/>
  <testcase classname="policyBazaar.test.TravelInsuranceTest" name="testSelectNumberOfTravellers" time="1.751"/>
  <testcase classname="policyBazaar.test.TravelInsuranceTest" name="ViewPlan" time="1.441"/>
  <testcase classname="policyBazaar.test.TravelInsuranceTest" name="SelectingStudentTrip" time="11.661"/>
  <testcase classname="policyBazaar.test.TravelInsuranceTest" name="InsuranceData" time="3.794"/>
  <testcase classname="policyBazaar.test.TravelInsuranceTest" name="SwitchChild" time="0.012"/>
  <testcase classname="policyBazaar.test.TravelInsuranceTest" name="CarInsurance" time="7.887"/>
  <testcase classname="policyBazaar.test.TravelInsuranceTest" name="fillingForm" time="3.292"/>
  <testcase classname="policyBazaar.test.TravelInsuranceTest" name="HealthInsurance" time="0.65"/>
</testsuite> <!-- Default test -->
