<?xml version="1.0" encoding="UTF-8"?>
<!-- Generated by org.testng.reporters.JUnitXMLReporter -->
<testsuite ignored="0" hostname="LTIN513868" failures="0" tests="12" name="Sanity Tests" time="54.12" errors="0" timestamp="2024-03-12T08:52:35 IST">
  <testcase classname="policyBazaar.test.TravelInsuranceTest" name="testTravelInsuranceButtonClick" time="0.336"/>
  <testcase classname="policyBazaar.test.TravelInsuranceTest" name="testSwitchToChildWindow" time="0.012"/>
  <testcase classname="policyBazaar.test.TravelInsuranceTest" name="SelectDestination" time="3.742"/>
  <testcase classname="policyBazaar.test.TravelInsuranceTest" name="testSelectDate" time="1.767"/>
  <testcase classname="policyBazaar.test.TravelInsuranceTest" name="testSelectNumberOfTravellers" time="2.14"/>
  <testcase classname="policyBazaar.test.TravelInsuranceTest" name="ViewPlan" time="2.432"/>
  <testcase classname="policyBazaar.test.TravelInsuranceTest" name="SelectingStudentTrip" time="8.518"/>
  <testcase classname="policyBazaar.test.TravelInsuranceTest" name="InsuranceData" time="4.762"/>
  <testcase classname="policyBazaar.test.TravelInsuranceTest" name="SwitchChild" time="0.008"/>
  <testcase classname="policyBazaar.test.TravelInsuranceTest" name="CarInsurance" time="6.666"/>
  <testcase classname="policyBazaar.test.TravelInsuranceTest" name="fillingForm" time="3.156"/>
  <testcase classname="policyBazaar.test.TravelInsuranceTest" name="HealthInsurance" time="0.846"/>
</testsuite> <!-- Sanity Tests -->
