<?xml version="1.0" encoding="UTF-8"?>
<!-- Generated by org.testng.reporters.JUnitXMLReporter -->
<testsuite ignored="0" hostname="LTIN513868" failures="0" tests="12" name="Sanity Tests" time="0.075" errors="0" timestamp="2024-02-28T23:05:00 IST">
  <testcase classname="com.base.com.Driver" name="@BeforeClass setup" time="0.012">
    <failure type="java.io.FileNotFoundException" message="C:\Users\2304095\eclipse-workspace\Student_insurance_Project_cucumber\src\test\resources\TestData\config.properties (The system cannot find the file specified)">
      <![CDATA[java.io.FileNotFoundException: C:\Users\2304095\eclipse-workspace\Student_insurance_Project_cucumber\src\test\resources\TestData\config.properties (The system cannot find the file specified)
at java.base/java.io.FileInputStream.open0(Native Method)
at java.base/java.io.FileInputStream.open(FileInputStream.java:216)
at java.base/java.io.FileInputStream.<init>(FileInputStream.java:157)
at java.base/java.io.FileInputStream.<init>(FileInputStream.java:111)
at java.base/java.io.FileReader.<init>(FileReader.java:60)
at com.base.com.Driver.setup(Driver.java:26)
at java.base/java.util.ArrayList.forEach(ArrayList.java:1511)
... Removed 29 stack frames]]>
    </failure>
  </testcase> <!-- @BeforeClass setup -->
  <testcase classname="policyBazaar.test.TravelInsuranceTest" name="@BeforeClass setUp" time="0.0">
    <skipped/>
  </testcase> <!-- @BeforeClass setUp -->
  <testcase classname="policyBazaar.test.TravelInsuranceTest" name="@AfterMethod afterMethod" time="0.0">
    <skipped/>
  </testcase> <!-- @AfterMethod afterMethod -->
  <testcase classname="policyBazaar.test.TravelInsuranceTest" name="@AfterMethod afterMethod" time="0.0">
    <skipped/>
  </testcase> <!-- @AfterMethod afterMethod -->
  <testcase classname="policyBazaar.test.TravelInsuranceTest" name="@AfterMethod afterMethod" time="0.0">
    <skipped/>
  </testcase> <!-- @AfterMethod afterMethod -->
  <testcase classname="policyBazaar.test.TravelInsuranceTest" name="@AfterMethod afterMethod" time="0.0">
    <skipped/>
  </testcase> <!-- @AfterMethod afterMethod -->
  <testcase classname="policyBazaar.test.TravelInsuranceTest" name="@AfterMethod afterMethod" time="0.0">
    <skipped/>
  </testcase> <!-- @AfterMethod afterMethod -->
  <testcase classname="policyBazaar.test.TravelInsuranceTest" name="@AfterMethod afterMethod" time="0.0">
    <skipped/>
  </testcase> <!-- @AfterMethod afterMethod -->
  <testcase classname="policyBazaar.test.TravelInsuranceTest" name="@AfterMethod afterMethod" time="0.0">
    <skipped/>
  </testcase> <!-- @AfterMethod afterMethod -->
  <testcase classname="policyBazaar.test.TravelInsuranceTest" name="@AfterMethod afterMethod" time="0.0">
    <skipped/>
  </testcase> <!-- @AfterMethod afterMethod -->
  <testcase classname="policyBazaar.test.TravelInsuranceTest" name="@AfterMethod afterMethod" time="0.0">
    <skipped/>
  </testcase> <!-- @AfterMethod afterMethod -->
  <testcase classname="policyBazaar.test.TravelInsuranceTest" name="@AfterMethod afterMethod" time="0.0">
    <skipped/>
  </testcase> <!-- @AfterMethod afterMethod -->
  <testcase classname="policyBazaar.test.TravelInsuranceTest" name="@AfterMethod afterMethod" time="0.0">
    <skipped/>
  </testcase> <!-- @AfterMethod afterMethod -->
  <testcase classname="policyBazaar.test.TravelInsuranceTest" name="@AfterMethod afterMethod" time="0.0">
    <skipped/>
  </testcase> <!-- @AfterMethod afterMethod -->
  <testcase classname="policyBazaar.test.TravelInsuranceTest" name="@AfterClass tearDown" time="0.0">
    <skipped/>
  </testcase> <!-- @AfterClass tearDown -->
  <testcase classname="policyBazaar.test.TravelInsuranceTest" name="testTravelInsuranceButtonClick" time="0.0">
    <skipped/>
  </testcase> <!-- testTravelInsuranceButtonClick -->
  <testcase classname="policyBazaar.test.TravelInsuranceTest" name="testSwitchToChildWindow" time="0.0">
    <skipped/>
  </testcase> <!-- testSwitchToChildWindow -->
  <testcase classname="policyBazaar.test.TravelInsuranceTest" name="SelectDestination" time="0.0">
    <skipped/>
  </testcase> <!-- SelectDestination -->
  <testcase classname="policyBazaar.test.TravelInsuranceTest" name="testSelectDate" time="0.0">
    <skipped/>
  </testcase> <!-- testSelectDate -->
  <testcase classname="policyBazaar.test.TravelInsuranceTest" name="testSelectNumberOfTravellers" time="0.0">
    <skipped/>
  </testcase> <!-- testSelectNumberOfTravellers -->
  <testcase classname="policyBazaar.test.TravelInsuranceTest" name="ViewPlan" time="0.001">
    <skipped/>
  </testcase> <!-- ViewPlan -->
  <testcase classname="policyBazaar.test.TravelInsuranceTest" name="SelectingStudentTrip" time="0.0">
    <skipped/>
  </testcase> <!-- SelectingStudentTrip -->
  <testcase classname="policyBazaar.test.TravelInsuranceTest" name="InsuranceData" time="0.0">
    <skipped/>
  </testcase> <!-- InsuranceData -->
  <testcase classname="policyBazaar.test.TravelInsuranceTest" name="SwitchChild" time="0.0">
    <skipped/>
  </testcase> <!-- SwitchChild -->
  <testcase classname="policyBazaar.test.TravelInsuranceTest" name="CarInsurance" time="0.0">
    <skipped/>
  </testcase> <!-- CarInsurance -->
  <testcase classname="policyBazaar.test.TravelInsuranceTest" name="fillingForm" time="0.0">
    <skipped/>
  </testcase> <!-- fillingForm -->
  <testcase classname="policyBazaar.test.TravelInsuranceTest" name="HealthInsurance" time="0.0">
    <skipped/>
  </testcase> <!-- HealthInsurance -->
</testsuite> <!-- Sanity Tests -->
