<?xml version="1.0" encoding="UTF-8"?>
<!-- Generated by org.testng.reporters.JUnitXMLReporter -->
<testsuite ignored="0" hostname="LTIN513868" failures="0" tests="12" name="Sanity Tests" time="53.515" errors="0" timestamp="2024-03-09T14:05:46 IST">
  <testcase classname="policyBazaar.test.TravelInsuranceTest" name="testTravelInsuranceButtonClick" time="0.355"/>
  <testcase classname="policyBazaar.test.TravelInsuranceTest" name="testSwitchToChildWindow" time="0.011"/>
  <testcase classname="policyBazaar.test.TravelInsuranceTest" name="SelectDestination" time="3.701"/>
  <testcase classname="policyBazaar.test.TravelInsuranceTest" name="testSelectDate" time="1.481"/>
  <testcase classname="policyBazaar.test.TravelInsuranceTest" name="testSelectNumberOfTravellers" time="2.055"/>
  <testcase classname="policyBazaar.test.TravelInsuranceTest" name="ViewPlan" time="1.857"/>
  <testcase classname="policyBazaar.test.TravelInsuranceTest" name="SelectingStudentTrip" time="9.252"/>
  <testcase classname="policyBazaar.test.TravelInsuranceTest" name="InsuranceData" time="4.739"/>
  <testcase classname="policyBazaar.test.TravelInsuranceTest" name="SwitchChild" time="0.008"/>
  <testcase classname="policyBazaar.test.TravelInsuranceTest" name="CarInsurance" time="6.99"/>
  <testcase classname="policyBazaar.test.TravelInsuranceTest" name="fillingForm" time="2.701"/>
  <testcase classname="policyBazaar.test.TravelInsuranceTest" name="HealthInsurance" time="0.779"/>
</testsuite> <!-- Sanity Tests -->
