<?xml version="1.0" encoding="UTF-8"?>
<testng-results ignored="0" total="12" passed="12" failed="0" skipped="0">
  <reporter-output>
  </reporter-output>
  <suite started-at="2024-03-09T14:04:53 IST" name="Sanity Suite" finished-at="2024-03-09T14:05:46 IST" duration-ms="53515">
    <groups>
      <group name="sanity">
        <method signature="TravelInsuranceTest.testTravelInsuranceButtonClick()[pri:1, instance:policyBazaar.test.TravelInsuranceTest@2371aaca]" name="testTravelInsuranceButtonClick" class="policyBazaar.test.TravelInsuranceTest"/>
        <method signature="TravelInsuranceTest.testSwitchToChildWindow()[pri:2, instance:policyBazaar.test.TravelInsuranceTest@2371aaca]" name="testSwitchToChildWindow" class="policyBazaar.test.TravelInsuranceTest"/>
        <method signature="TravelInsuranceTest.SelectDestination()[pri:3, instance:policyBazaar.test.TravelInsuranceTest@2371aaca]" name="SelectDestination" class="policyBazaar.test.TravelInsuranceTest"/>
        <method signature="TravelInsuranceTest.testSelectDate()[pri:4, instance:policyBazaar.test.TravelInsuranceTest@2371aaca]" name="testSelectDate" class="policyBazaar.test.TravelInsuranceTest"/>
        <method signature="TravelInsuranceTest.testSelectNumberOfTravellers()[pri:5, instance:policyBazaar.test.TravelInsuranceTest@2371aaca]" name="testSelectNumberOfTravellers" class="policyBazaar.test.TravelInsuranceTest"/>
        <method signature="TravelInsuranceTest.ViewPlan()[pri:6, instance:policyBazaar.test.TravelInsuranceTest@2371aaca]" name="ViewPlan" class="policyBazaar.test.TravelInsuranceTest"/>
        <method signature="TravelInsuranceTest.SelectingStudentTrip()[pri:7, instance:policyBazaar.test.TravelInsuranceTest@2371aaca]" name="SelectingStudentTrip" class="policyBazaar.test.TravelInsuranceTest"/>
        <method signature="TravelInsuranceTest.InsuranceData()[pri:8, instance:policyBazaar.test.TravelInsuranceTest@2371aaca]" name="InsuranceData" class="policyBazaar.test.TravelInsuranceTest"/>
        <method signature="TravelInsuranceTest.SwitchChild()[pri:9, instance:policyBazaar.test.TravelInsuranceTest@2371aaca]" name="SwitchChild" class="policyBazaar.test.TravelInsuranceTest"/>
        <method signature="TravelInsuranceTest.CarInsurance()[pri:10, instance:policyBazaar.test.TravelInsuranceTest@2371aaca]" name="CarInsurance" class="policyBazaar.test.TravelInsuranceTest"/>
        <method signature="TravelInsuranceTest.fillingForm()[pri:11, instance:policyBazaar.test.TravelInsuranceTest@2371aaca]" name="fillingForm" class="policyBazaar.test.TravelInsuranceTest"/>
        <method signature="TravelInsuranceTest.HealthInsurance()[pri:12, instance:policyBazaar.test.TravelInsuranceTest@2371aaca]" name="HealthInsurance" class="policyBazaar.test.TravelInsuranceTest"/>
      </group> <!-- sanity -->
    </groups>
    <test started-at="2024-03-09T14:04:53 IST" name="Sanity Tests" finished-at="2024-03-09T14:05:46 IST" duration-ms="53515">
      <class name="policyBazaar.test.TravelInsuranceTest">
        <test-method is-config="true" signature="setup()[pri:0, instance:policyBazaar.test.TravelInsuranceTest@2371aaca]" started-at="2024-03-09T14:04:53 IST" name="setup" finished-at="2024-03-09T14:05:04 IST" duration-ms="10791" status="PASS">
          <reporter-output>
          </reporter-output>
        </test-method> <!-- setup -->
        <test-method is-config="true" signature="setUp()[pri:0, instance:policyBazaar.test.TravelInsuranceTest@2371aaca]" started-at="2024-03-09T14:05:04 IST" name="setUp" finished-at="2024-03-09T14:05:06 IST" duration-ms="2180" status="PASS">
          <reporter-output>
          </reporter-output>
        </test-method> <!-- setUp -->
        <test-method signature="testTravelInsuranceButtonClick()[pri:1, instance:policyBazaar.test.TravelInsuranceTest@2371aaca]" started-at="2024-03-09T14:05:06 IST" name="testTravelInsuranceButtonClick" finished-at="2024-03-09T14:05:06 IST" duration-ms="355" status="PASS">
          <reporter-output>
          </reporter-output>
        </test-method> <!-- testTravelInsuranceButtonClick -->
        <test-method is-config="true" signature="afterMethod(org.testng.ITestResult)[pri:0, instance:policyBazaar.test.TravelInsuranceTest@2371aaca]" started-at="2024-03-09T14:05:06 IST" name="afterMethod" finished-at="2024-03-09T14:05:07 IST" duration-ms="294" status="PASS">
          <params>
            <param index="0">
              <value>
                <![CDATA[[TestResult name=testTravelInsuranceButtonClick status=SUCCESS method=TravelInsuranceTest.testTravelInsuranceButtonClick()[pri:1, instance:policyBazaar.test.TravelInsuranceTest@2371aaca] output={null}]]]>
              </value>
            </param>
          </params>
          <reporter-output>
          </reporter-output>
        </test-method> <!-- afterMethod -->
        <test-method signature="testSwitchToChildWindow()[pri:2, instance:policyBazaar.test.TravelInsuranceTest@2371aaca]" started-at="2024-03-09T14:05:07 IST" name="testSwitchToChildWindow" finished-at="2024-03-09T14:05:07 IST" duration-ms="11" status="PASS">
          <reporter-output>
          </reporter-output>
        </test-method> <!-- testSwitchToChildWindow -->
        <test-method is-config="true" signature="afterMethod(org.testng.ITestResult)[pri:0, instance:policyBazaar.test.TravelInsuranceTest@2371aaca]" started-at="2024-03-09T14:05:07 IST" name="afterMethod" finished-at="2024-03-09T14:05:09 IST" duration-ms="2547" status="PASS">
          <params>
            <param index="0">
              <value>
                <![CDATA[[TestResult name=testSwitchToChildWindow status=SUCCESS method=TravelInsuranceTest.testSwitchToChildWindow()[pri:2, instance:policyBazaar.test.TravelInsuranceTest@2371aaca] output={null}]]]>
              </value>
            </param>
          </params>
          <reporter-output>
          </reporter-output>
        </test-method> <!-- afterMethod -->
        <test-method signature="SelectDestination()[pri:3, instance:policyBazaar.test.TravelInsuranceTest@2371aaca]" started-at="2024-03-09T14:05:09 IST" name="SelectDestination" finished-at="2024-03-09T14:05:13 IST" duration-ms="3701" status="PASS">
          <reporter-output>
          </reporter-output>
        </test-method> <!-- SelectDestination -->
        <test-method is-config="true" signature="afterMethod(org.testng.ITestResult)[pri:0, instance:policyBazaar.test.TravelInsuranceTest@2371aaca]" started-at="2024-03-09T14:05:13 IST" name="afterMethod" finished-at="2024-03-09T14:05:13 IST" duration-ms="266" status="PASS">
          <params>
            <param index="0">
              <value>
                <![CDATA[[TestResult name=SelectDestination status=SUCCESS method=TravelInsuranceTest.SelectDestination()[pri:3, instance:policyBazaar.test.TravelInsuranceTest@2371aaca] output={null}]]]>
              </value>
            </param>
          </params>
          <reporter-output>
          </reporter-output>
        </test-method> <!-- afterMethod -->
        <test-method signature="testSelectDate()[pri:4, instance:policyBazaar.test.TravelInsuranceTest@2371aaca]" started-at="2024-03-09T14:05:13 IST" name="testSelectDate" finished-at="2024-03-09T14:05:15 IST" duration-ms="1481" status="PASS">
          <reporter-output>
          </reporter-output>
        </test-method> <!-- testSelectDate -->
        <test-method is-config="true" signature="afterMethod(org.testng.ITestResult)[pri:0, instance:policyBazaar.test.TravelInsuranceTest@2371aaca]" started-at="2024-03-09T14:05:15 IST" name="afterMethod" finished-at="2024-03-09T14:05:15 IST" duration-ms="257" status="PASS">
          <params>
            <param index="0">
              <value>
                <![CDATA[[TestResult name=testSelectDate status=SUCCESS method=TravelInsuranceTest.testSelectDate()[pri:4, instance:policyBazaar.test.TravelInsuranceTest@2371aaca] output={null}]]]>
              </value>
            </param>
          </params>
          <reporter-output>
          </reporter-output>
        </test-method> <!-- afterMethod -->
        <test-method signature="testSelectNumberOfTravellers()[pri:5, instance:policyBazaar.test.TravelInsuranceTest@2371aaca]" started-at="2024-03-09T14:05:15 IST" name="testSelectNumberOfTravellers" finished-at="2024-03-09T14:05:17 IST" duration-ms="2055" status="PASS">
          <reporter-output>
          </reporter-output>
        </test-method> <!-- testSelectNumberOfTravellers -->
        <test-method is-config="true" signature="afterMethod(org.testng.ITestResult)[pri:0, instance:policyBazaar.test.TravelInsuranceTest@2371aaca]" started-at="2024-03-09T14:05:17 IST" name="afterMethod" finished-at="2024-03-09T14:05:17 IST" duration-ms="333" status="PASS">
          <params>
            <param index="0">
              <value>
                <![CDATA[[TestResult name=testSelectNumberOfTravellers status=SUCCESS method=TravelInsuranceTest.testSelectNumberOfTravellers()[pri:5, instance:policyBazaar.test.TravelInsuranceTest@2371aaca] output={null}]]]>
              </value>
            </param>
          </params>
          <reporter-output>
          </reporter-output>
        </test-method> <!-- afterMethod -->
        <test-method signature="ViewPlan()[pri:6, instance:policyBazaar.test.TravelInsuranceTest@2371aaca]" started-at="2024-03-09T14:05:17 IST" name="ViewPlan" finished-at="2024-03-09T14:05:19 IST" duration-ms="1857" status="PASS">
          <reporter-output>
          </reporter-output>
        </test-method> <!-- ViewPlan -->
        <test-method is-config="true" signature="afterMethod(org.testng.ITestResult)[pri:0, instance:policyBazaar.test.TravelInsuranceTest@2371aaca]" started-at="2024-03-09T14:05:19 IST" name="afterMethod" finished-at="2024-03-09T14:05:19 IST" duration-ms="250" status="PASS">
          <params>
            <param index="0">
              <value>
                <![CDATA[[TestResult name=ViewPlan status=SUCCESS method=TravelInsuranceTest.ViewPlan()[pri:6, instance:policyBazaar.test.TravelInsuranceTest@2371aaca] output={null}]]]>
              </value>
            </param>
          </params>
          <reporter-output>
          </reporter-output>
        </test-method> <!-- afterMethod -->
        <test-method signature="SelectingStudentTrip()[pri:7, instance:policyBazaar.test.TravelInsuranceTest@2371aaca]" started-at="2024-03-09T14:05:19 IST" name="SelectingStudentTrip" finished-at="2024-03-09T14:05:29 IST" duration-ms="9252" status="PASS">
          <reporter-output>
          </reporter-output>
        </test-method> <!-- SelectingStudentTrip -->
        <test-method is-config="true" signature="afterMethod(org.testng.ITestResult)[pri:0, instance:policyBazaar.test.TravelInsuranceTest@2371aaca]" started-at="2024-03-09T14:05:29 IST" name="afterMethod" finished-at="2024-03-09T14:05:29 IST" duration-ms="235" status="PASS">
          <params>
            <param index="0">
              <value>
                <![CDATA[[TestResult name=SelectingStudentTrip status=SUCCESS method=TravelInsuranceTest.SelectingStudentTrip()[pri:7, instance:policyBazaar.test.TravelInsuranceTest@2371aaca] output={null}]]]>
              </value>
            </param>
          </params>
          <reporter-output>
          </reporter-output>
        </test-method> <!-- afterMethod -->
        <test-method signature="InsuranceData()[pri:8, instance:policyBazaar.test.TravelInsuranceTest@2371aaca]" started-at="2024-03-09T14:05:29 IST" name="InsuranceData" finished-at="2024-03-09T14:05:34 IST" duration-ms="4739" status="PASS">
          <reporter-output>
          </reporter-output>
        </test-method> <!-- InsuranceData -->
        <test-method is-config="true" signature="afterMethod(org.testng.ITestResult)[pri:0, instance:policyBazaar.test.TravelInsuranceTest@2371aaca]" started-at="2024-03-09T14:05:34 IST" name="afterMethod" finished-at="2024-03-09T14:05:34 IST" duration-ms="279" status="PASS">
          <params>
            <param index="0">
              <value>
                <![CDATA[[TestResult name=InsuranceData status=SUCCESS method=TravelInsuranceTest.InsuranceData()[pri:8, instance:policyBazaar.test.TravelInsuranceTest@2371aaca] output={null}]]]>
              </value>
            </param>
          </params>
          <reporter-output>
          </reporter-output>
        </test-method> <!-- afterMethod -->
        <test-method signature="SwitchChild()[pri:9, instance:policyBazaar.test.TravelInsuranceTest@2371aaca]" started-at="2024-03-09T14:05:34 IST" name="SwitchChild" finished-at="2024-03-09T14:05:34 IST" duration-ms="8" status="PASS">
          <reporter-output>
          </reporter-output>
        </test-method> <!-- SwitchChild -->
        <test-method is-config="true" signature="afterMethod(org.testng.ITestResult)[pri:0, instance:policyBazaar.test.TravelInsuranceTest@2371aaca]" started-at="2024-03-09T14:05:34 IST" name="afterMethod" finished-at="2024-03-09T14:05:34 IST" duration-ms="234" status="PASS">
          <params>
            <param index="0">
              <value>
                <![CDATA[[TestResult name=SwitchChild status=SUCCESS method=TravelInsuranceTest.SwitchChild()[pri:9, instance:policyBazaar.test.TravelInsuranceTest@2371aaca] output={null}]]]>
              </value>
            </param>
          </params>
          <reporter-output>
          </reporter-output>
        </test-method> <!-- afterMethod -->
        <test-method signature="CarInsurance()[pri:10, instance:policyBazaar.test.TravelInsuranceTest@2371aaca]" started-at="2024-03-09T14:05:34 IST" name="CarInsurance" finished-at="2024-03-09T14:05:41 IST" duration-ms="6990" status="PASS">
          <reporter-output>
          </reporter-output>
        </test-method> <!-- CarInsurance -->
        <test-method is-config="true" signature="afterMethod(org.testng.ITestResult)[pri:0, instance:policyBazaar.test.TravelInsuranceTest@2371aaca]" started-at="2024-03-09T14:05:41 IST" name="afterMethod" finished-at="2024-03-09T14:05:41 IST" duration-ms="296" status="PASS">
          <params>
            <param index="0">
              <value>
                <![CDATA[[TestResult name=CarInsurance status=SUCCESS method=TravelInsuranceTest.CarInsurance()[pri:10, instance:policyBazaar.test.TravelInsuranceTest@2371aaca] output={null}]]]>
              </value>
            </param>
          </params>
          <reporter-output>
          </reporter-output>
        </test-method> <!-- afterMethod -->
        <test-method signature="fillingForm()[pri:11, instance:policyBazaar.test.TravelInsuranceTest@2371aaca]" started-at="2024-03-09T14:05:41 IST" name="fillingForm" finished-at="2024-03-09T14:05:44 IST" duration-ms="2701" status="PASS">
          <reporter-output>
          </reporter-output>
        </test-method> <!-- fillingForm -->
        <test-method is-config="true" signature="afterMethod(org.testng.ITestResult)[pri:0, instance:policyBazaar.test.TravelInsuranceTest@2371aaca]" started-at="2024-03-09T14:05:44 IST" name="afterMethod" finished-at="2024-03-09T14:05:44 IST" duration-ms="293" status="PASS">
          <params>
            <param index="0">
              <value>
                <![CDATA[[TestResult name=fillingForm status=SUCCESS method=TravelInsuranceTest.fillingForm()[pri:11, instance:policyBazaar.test.TravelInsuranceTest@2371aaca] output={null}]]]>
              </value>
            </param>
          </params>
          <reporter-output>
          </reporter-output>
        </test-method> <!-- afterMethod -->
        <test-method signature="HealthInsurance()[pri:12, instance:policyBazaar.test.TravelInsuranceTest@2371aaca]" started-at="2024-03-09T14:05:44 IST" name="HealthInsurance" finished-at="2024-03-09T14:05:45 IST" duration-ms="779" status="PASS">
          <reporter-output>
          </reporter-output>
        </test-method> <!-- HealthInsurance -->
        <test-method is-config="true" signature="afterMethod(org.testng.ITestResult)[pri:0, instance:policyBazaar.test.TravelInsuranceTest@2371aaca]" started-at="2024-03-09T14:05:45 IST" name="afterMethod" finished-at="2024-03-09T14:05:45 IST" duration-ms="190" status="PASS">
          <params>
            <param index="0">
              <value>
                <![CDATA[[TestResult name=HealthInsurance status=SUCCESS method=TravelInsuranceTest.HealthInsurance()[pri:12, instance:policyBazaar.test.TravelInsuranceTest@2371aaca] output={null}]]]>
              </value>
            </param>
          </params>
          <reporter-output>
          </reporter-output>
        </test-method> <!-- afterMethod -->
        <test-method is-config="true" signature="tearDown()[pri:0, instance:policyBazaar.test.TravelInsuranceTest@2371aaca]" started-at="2024-03-09T14:05:45 IST" name="tearDown" finished-at="2024-03-09T14:05:46 IST" duration-ms="1001" status="PASS">
          <reporter-output>
          </reporter-output>
        </test-method> <!-- tearDown -->
      </class> <!-- policyBazaar.test.TravelInsuranceTest -->
    </test> <!-- Sanity Tests -->
  </suite> <!-- Sanity Suite -->
</testng-results>
