<?xml version="1.0" encoding="UTF-8"?>
<testng-results ignored="0" total="12" passed="12" failed="0" skipped="0">
  <reporter-output>
  </reporter-output>
  <suite started-at="2024-03-12T15:18:24 IST" name="Default suite" finished-at="2024-03-12T15:19:17 IST" duration-ms="53466">
    <groups>
      <group name="sanity">
        <method signature="TravelInsuranceTest.CarInsurance()[pri:10, instance:policyBazaar.test.TravelInsuranceTest@27f981c6]" name="CarInsurance" class="policyBazaar.test.TravelInsuranceTest"/>
        <method signature="TravelInsuranceTest.HealthInsurance()[pri:12, instance:policyBazaar.test.TravelInsuranceTest@27f981c6]" name="HealthInsurance" class="policyBazaar.test.TravelInsuranceTest"/>
        <method signature="TravelInsuranceTest.InsuranceData()[pri:8, instance:policyBazaar.test.TravelInsuranceTest@27f981c6]" name="InsuranceData" class="policyBazaar.test.TravelInsuranceTest"/>
        <method signature="TravelInsuranceTest.SelectDestination()[pri:3, instance:policyBazaar.test.TravelInsuranceTest@27f981c6]" name="SelectDestination" class="policyBazaar.test.TravelInsuranceTest"/>
        <method signature="TravelInsuranceTest.SelectingStudentTrip()[pri:7, instance:policyBazaar.test.TravelInsuranceTest@27f981c6]" name="SelectingStudentTrip" class="policyBazaar.test.TravelInsuranceTest"/>
        <method signature="TravelInsuranceTest.SwitchChild()[pri:9, instance:policyBazaar.test.TravelInsuranceTest@27f981c6]" name="SwitchChild" class="policyBazaar.test.TravelInsuranceTest"/>
        <method signature="TravelInsuranceTest.ViewPlan()[pri:6, instance:policyBazaar.test.TravelInsuranceTest@27f981c6]" name="ViewPlan" class="policyBazaar.test.TravelInsuranceTest"/>
        <method signature="TravelInsuranceTest.fillingForm()[pri:11, instance:policyBazaar.test.TravelInsuranceTest@27f981c6]" name="fillingForm" class="policyBazaar.test.TravelInsuranceTest"/>
        <method signature="TravelInsuranceTest.testSelectDate()[pri:4, instance:policyBazaar.test.TravelInsuranceTest@27f981c6]" name="testSelectDate" class="policyBazaar.test.TravelInsuranceTest"/>
        <method signature="TravelInsuranceTest.testSelectNumberOfTravellers()[pri:5, instance:policyBazaar.test.TravelInsuranceTest@27f981c6]" name="testSelectNumberOfTravellers" class="policyBazaar.test.TravelInsuranceTest"/>
        <method signature="TravelInsuranceTest.testSwitchToChildWindow()[pri:2, instance:policyBazaar.test.TravelInsuranceTest@27f981c6]" name="testSwitchToChildWindow" class="policyBazaar.test.TravelInsuranceTest"/>
        <method signature="TravelInsuranceTest.testTravelInsuranceButtonClick()[pri:1, instance:policyBazaar.test.TravelInsuranceTest@27f981c6]" name="testTravelInsuranceButtonClick" class="policyBazaar.test.TravelInsuranceTest"/>
      </group> <!-- sanity -->
    </groups>
    <test started-at="2024-03-12T15:18:24 IST" name="Default test" finished-at="2024-03-12T15:19:17 IST" duration-ms="53466">
      <class name="policyBazaar.test.TravelInsuranceTest">
        <test-method is-config="true" signature="setup()[pri:0, instance:policyBazaar.test.TravelInsuranceTest@27f981c6]" started-at="2024-03-12T15:18:24 IST" name="setup" finished-at="2024-03-12T15:18:35 IST" duration-ms="11210" status="PASS">
          <reporter-output>
          </reporter-output>
        </test-method> <!-- setup -->
        <test-method is-config="true" signature="setUp()[pri:0, instance:policyBazaar.test.TravelInsuranceTest@27f981c6]" started-at="2024-03-12T15:18:35 IST" name="setUp" finished-at="2024-03-12T15:18:37 IST" duration-ms="2015" status="PASS">
          <reporter-output>
          </reporter-output>
        </test-method> <!-- setUp -->
        <test-method signature="testTravelInsuranceButtonClick()[pri:1, instance:policyBazaar.test.TravelInsuranceTest@27f981c6]" started-at="2024-03-12T15:18:37 IST" name="testTravelInsuranceButtonClick" finished-at="2024-03-12T15:18:37 IST" duration-ms="300" status="PASS">
          <reporter-output>
          </reporter-output>
        </test-method> <!-- testTravelInsuranceButtonClick -->
        <test-method is-config="true" signature="afterMethod(org.testng.ITestResult)[pri:0, instance:policyBazaar.test.TravelInsuranceTest@27f981c6]" started-at="2024-03-12T15:18:37 IST" name="afterMethod" finished-at="2024-03-12T15:18:38 IST" duration-ms="209" status="PASS">
          <params>
            <param index="0">
              <value>
                <![CDATA[[TestResult name=testTravelInsuranceButtonClick status=SUCCESS method=TravelInsuranceTest.testTravelInsuranceButtonClick()[pri:1, instance:policyBazaar.test.TravelInsuranceTest@27f981c6] output={null}]]]>
              </value>
            </param>
          </params>
          <reporter-output>
          </reporter-output>
        </test-method> <!-- afterMethod -->
        <test-method signature="testSwitchToChildWindow()[pri:2, instance:policyBazaar.test.TravelInsuranceTest@27f981c6]" started-at="2024-03-12T15:18:38 IST" name="testSwitchToChildWindow" finished-at="2024-03-12T15:18:38 IST" duration-ms="9" status="PASS">
          <reporter-output>
          </reporter-output>
        </test-method> <!-- testSwitchToChildWindow -->
        <test-method is-config="true" signature="afterMethod(org.testng.ITestResult)[pri:0, instance:policyBazaar.test.TravelInsuranceTest@27f981c6]" started-at="2024-03-12T15:18:38 IST" name="afterMethod" finished-at="2024-03-12T15:18:38 IST" duration-ms="190" status="PASS">
          <params>
            <param index="0">
              <value>
                <![CDATA[[TestResult name=testSwitchToChildWindow status=SUCCESS method=TravelInsuranceTest.testSwitchToChildWindow()[pri:2, instance:policyBazaar.test.TravelInsuranceTest@27f981c6] output={null}]]]>
              </value>
            </param>
          </params>
          <reporter-output>
          </reporter-output>
        </test-method> <!-- afterMethod -->
        <test-method signature="SelectDestination()[pri:3, instance:policyBazaar.test.TravelInsuranceTest@27f981c6]" started-at="2024-03-12T15:18:38 IST" name="SelectDestination" finished-at="2024-03-12T15:18:42 IST" duration-ms="4023" status="PASS">
          <reporter-output>
          </reporter-output>
        </test-method> <!-- SelectDestination -->
        <test-method is-config="true" signature="afterMethod(org.testng.ITestResult)[pri:0, instance:policyBazaar.test.TravelInsuranceTest@27f981c6]" started-at="2024-03-12T15:18:42 IST" name="afterMethod" finished-at="2024-03-12T15:18:42 IST" duration-ms="246" status="PASS">
          <params>
            <param index="0">
              <value>
                <![CDATA[[TestResult name=SelectDestination status=SUCCESS method=TravelInsuranceTest.SelectDestination()[pri:3, instance:policyBazaar.test.TravelInsuranceTest@27f981c6] output={null}]]]>
              </value>
            </param>
          </params>
          <reporter-output>
          </reporter-output>
        </test-method> <!-- afterMethod -->
        <test-method signature="testSelectDate()[pri:4, instance:policyBazaar.test.TravelInsuranceTest@27f981c6]" started-at="2024-03-12T15:18:42 IST" name="testSelectDate" finished-at="2024-03-12T15:18:43 IST" duration-ms="1361" status="PASS">
          <reporter-output>
          </reporter-output>
        </test-method> <!-- testSelectDate -->
        <test-method is-config="true" signature="afterMethod(org.testng.ITestResult)[pri:0, instance:policyBazaar.test.TravelInsuranceTest@27f981c6]" started-at="2024-03-12T15:18:43 IST" name="afterMethod" finished-at="2024-03-12T15:18:44 IST" duration-ms="270" status="PASS">
          <params>
            <param index="0">
              <value>
                <![CDATA[[TestResult name=testSelectDate status=SUCCESS method=TravelInsuranceTest.testSelectDate()[pri:4, instance:policyBazaar.test.TravelInsuranceTest@27f981c6] output={null}]]]>
              </value>
            </param>
          </params>
          <reporter-output>
          </reporter-output>
        </test-method> <!-- afterMethod -->
        <test-method signature="testSelectNumberOfTravellers()[pri:5, instance:policyBazaar.test.TravelInsuranceTest@27f981c6]" started-at="2024-03-12T15:18:44 IST" name="testSelectNumberOfTravellers" finished-at="2024-03-12T15:18:45 IST" duration-ms="1751" status="PASS">
          <reporter-output>
          </reporter-output>
        </test-method> <!-- testSelectNumberOfTravellers -->
        <test-method is-config="true" signature="afterMethod(org.testng.ITestResult)[pri:0, instance:policyBazaar.test.TravelInsuranceTest@27f981c6]" started-at="2024-03-12T15:18:45 IST" name="afterMethod" finished-at="2024-03-12T15:18:46 IST" duration-ms="272" status="PASS">
          <params>
            <param index="0">
              <value>
                <![CDATA[[TestResult name=testSelectNumberOfTravellers status=SUCCESS method=TravelInsuranceTest.testSelectNumberOfTravellers()[pri:5, instance:policyBazaar.test.TravelInsuranceTest@27f981c6] output={null}]]]>
              </value>
            </param>
          </params>
          <reporter-output>
          </reporter-output>
        </test-method> <!-- afterMethod -->
        <test-method signature="ViewPlan()[pri:6, instance:policyBazaar.test.TravelInsuranceTest@27f981c6]" started-at="2024-03-12T15:18:46 IST" name="ViewPlan" finished-at="2024-03-12T15:18:47 IST" duration-ms="1441" status="PASS">
          <reporter-output>
          </reporter-output>
        </test-method> <!-- ViewPlan -->
        <test-method is-config="true" signature="afterMethod(org.testng.ITestResult)[pri:0, instance:policyBazaar.test.TravelInsuranceTest@27f981c6]" started-at="2024-03-12T15:18:47 IST" name="afterMethod" finished-at="2024-03-12T15:18:47 IST" duration-ms="222" status="PASS">
          <params>
            <param index="0">
              <value>
                <![CDATA[[TestResult name=ViewPlan status=SUCCESS method=TravelInsuranceTest.ViewPlan()[pri:6, instance:policyBazaar.test.TravelInsuranceTest@27f981c6] output={null}]]]>
              </value>
            </param>
          </params>
          <reporter-output>
          </reporter-output>
        </test-method> <!-- afterMethod -->
        <test-method signature="SelectingStudentTrip()[pri:7, instance:policyBazaar.test.TravelInsuranceTest@27f981c6]" started-at="2024-03-12T15:18:47 IST" name="SelectingStudentTrip" finished-at="2024-03-12T15:18:59 IST" duration-ms="11661" status="PASS">
          <reporter-output>
          </reporter-output>
        </test-method> <!-- SelectingStudentTrip -->
        <test-method is-config="true" signature="afterMethod(org.testng.ITestResult)[pri:0, instance:policyBazaar.test.TravelInsuranceTest@27f981c6]" started-at="2024-03-12T15:18:59 IST" name="afterMethod" finished-at="2024-03-12T15:18:59 IST" duration-ms="191" status="PASS">
          <params>
            <param index="0">
              <value>
                <![CDATA[[TestResult name=SelectingStudentTrip status=SUCCESS method=TravelInsuranceTest.SelectingStudentTrip()[pri:7, instance:policyBazaar.test.TravelInsuranceTest@27f981c6] output={null}]]]>
              </value>
            </param>
          </params>
          <reporter-output>
          </reporter-output>
        </test-method> <!-- afterMethod -->
        <test-method signature="InsuranceData()[pri:8, instance:policyBazaar.test.TravelInsuranceTest@27f981c6]" started-at="2024-03-12T15:18:59 IST" name="InsuranceData" finished-at="2024-03-12T15:19:03 IST" duration-ms="3794" status="PASS">
          <reporter-output>
          </reporter-output>
        </test-method> <!-- InsuranceData -->
        <test-method is-config="true" signature="afterMethod(org.testng.ITestResult)[pri:0, instance:policyBazaar.test.TravelInsuranceTest@27f981c6]" started-at="2024-03-12T15:19:03 IST" name="afterMethod" finished-at="2024-03-12T15:19:04 IST" duration-ms="503" status="PASS">
          <params>
            <param index="0">
              <value>
                <![CDATA[[TestResult name=InsuranceData status=SUCCESS method=TravelInsuranceTest.InsuranceData()[pri:8, instance:policyBazaar.test.TravelInsuranceTest@27f981c6] output={null}]]]>
              </value>
            </param>
          </params>
          <reporter-output>
          </reporter-output>
        </test-method> <!-- afterMethod -->
        <test-method signature="SwitchChild()[pri:9, instance:policyBazaar.test.TravelInsuranceTest@27f981c6]" started-at="2024-03-12T15:19:04 IST" name="SwitchChild" finished-at="2024-03-12T15:19:04 IST" duration-ms="12" status="PASS">
          <reporter-output>
          </reporter-output>
        </test-method> <!-- SwitchChild -->
        <test-method is-config="true" signature="afterMethod(org.testng.ITestResult)[pri:0, instance:policyBazaar.test.TravelInsuranceTest@27f981c6]" started-at="2024-03-12T15:19:04 IST" name="afterMethod" finished-at="2024-03-12T15:19:04 IST" duration-ms="228" status="PASS">
          <params>
            <param index="0">
              <value>
                <![CDATA[[TestResult name=SwitchChild status=SUCCESS method=TravelInsuranceTest.SwitchChild()[pri:9, instance:policyBazaar.test.TravelInsuranceTest@27f981c6] output={null}]]]>
              </value>
            </param>
          </params>
          <reporter-output>
          </reporter-output>
        </test-method> <!-- afterMethod -->
        <test-method signature="CarInsurance()[pri:10, instance:policyBazaar.test.TravelInsuranceTest@27f981c6]" started-at="2024-03-12T15:19:04 IST" name="CarInsurance" finished-at="2024-03-12T15:19:12 IST" duration-ms="7887" status="PASS">
          <reporter-output>
          </reporter-output>
        </test-method> <!-- CarInsurance -->
        <test-method is-config="true" signature="afterMethod(org.testng.ITestResult)[pri:0, instance:policyBazaar.test.TravelInsuranceTest@27f981c6]" started-at="2024-03-12T15:19:12 IST" name="afterMethod" finished-at="2024-03-12T15:19:12 IST" duration-ms="299" status="PASS">
          <params>
            <param index="0">
              <value>
                <![CDATA[[TestResult name=CarInsurance status=SUCCESS method=TravelInsuranceTest.CarInsurance()[pri:10, instance:policyBazaar.test.TravelInsuranceTest@27f981c6] output={null}]]]>
              </value>
            </param>
          </params>
          <reporter-output>
          </reporter-output>
        </test-method> <!-- afterMethod -->
        <test-method signature="fillingForm()[pri:11, instance:policyBazaar.test.TravelInsuranceTest@27f981c6]" started-at="2024-03-12T15:19:12 IST" name="fillingForm" finished-at="2024-03-12T15:19:15 IST" duration-ms="3292" status="PASS">
          <reporter-output>
          </reporter-output>
        </test-method> <!-- fillingForm -->
        <test-method is-config="true" signature="afterMethod(org.testng.ITestResult)[pri:0, instance:policyBazaar.test.TravelInsuranceTest@27f981c6]" started-at="2024-03-12T15:19:15 IST" name="afterMethod" finished-at="2024-03-12T15:19:16 IST" duration-ms="295" status="PASS">
          <params>
            <param index="0">
              <value>
                <![CDATA[[TestResult name=fillingForm status=SUCCESS method=TravelInsuranceTest.fillingForm()[pri:11, instance:policyBazaar.test.TravelInsuranceTest@27f981c6] output={null}]]]>
              </value>
            </param>
          </params>
          <reporter-output>
          </reporter-output>
        </test-method> <!-- afterMethod -->
        <test-method signature="HealthInsurance()[pri:12, instance:policyBazaar.test.TravelInsuranceTest@27f981c6]" started-at="2024-03-12T15:19:16 IST" name="HealthInsurance" finished-at="2024-03-12T15:19:16 IST" duration-ms="650" status="PASS">
          <reporter-output>
          </reporter-output>
        </test-method> <!-- HealthInsurance -->
        <test-method is-config="true" signature="afterMethod(org.testng.ITestResult)[pri:0, instance:policyBazaar.test.TravelInsuranceTest@27f981c6]" started-at="2024-03-12T15:19:16 IST" name="afterMethod" finished-at="2024-03-12T15:19:16 IST" duration-ms="161" status="PASS">
          <params>
            <param index="0">
              <value>
                <![CDATA[[TestResult name=HealthInsurance status=SUCCESS method=TravelInsuranceTest.HealthInsurance()[pri:12, instance:policyBazaar.test.TravelInsuranceTest@27f981c6] output={null}]]]>
              </value>
            </param>
          </params>
          <reporter-output>
          </reporter-output>
        </test-method> <!-- afterMethod -->
        <test-method is-config="true" signature="tearDown()[pri:0, instance:policyBazaar.test.TravelInsuranceTest@27f981c6]" started-at="2024-03-12T15:19:16 IST" name="tearDown" finished-at="2024-03-12T15:19:17 IST" duration-ms="891" status="PASS">
          <reporter-output>
          </reporter-output>
        </test-method> <!-- tearDown -->
      </class> <!-- policyBazaar.test.TravelInsuranceTest -->
    </test> <!-- Default test -->
  </suite> <!-- Default suite -->
</testng-results>
